<?xml version="1.0" encoding="UTF-8"?>
<testsuite xmlns:xsi="http://www.w3.org/2001/XMLSchema-instance" xsi:noNamespaceSchemaLocation="https://maven.apache.org/surefire/maven-surefire-plugin/xsd/surefire-test-report-3.0.xsd" version="3.0" name="service.VelocityTrackerTest" time="0.006" tests="4" errors="0" skipped="0" failures="0">
  <properties>
[...]
</properties>
  <testcase name="averageVelocityCalculatesCorrectly" classname="service.VelocityTrackerTest" time="0">
    <system-out><![CDATA[Sprint 1 velocity recorded: 13 pts
Sprint 2 velocity recorded: 13 pts
]]></system-out>
  </testcase>
  <testcase name="displayHistoryShowsVelocityStarsForRecordedSprints" classname="service.VelocityTrackerTest" time="0.001">
    <system-out><![CDATA[Sprint 1 velocity recorded: 2 pts
]]></system-out>
  </testcase>
  <testcase name="getAverageVelocityReturnsZeroWhenNoSprintsRecorded" classname="service.VelocityTrackerTest" time="0"/>
  <testcase name="displayHistoryShowsEmptyMessageWhenNoSprints" classname="service.VelocityTrackerTest" time="0"/>
</testsuite>